<?xml version="1.0" encoding="UTF-8"?>
<!-- Generated by org.testng.reporters.JUnitReportReporter -->
<testsuite hostname="LAPTOP-R379FAK2" failures="0" tests="1" name="com.BestBuy.Tests.SearchTest" time="55.101" errors="0" timestamp="2023-04-19T22:56:03 IST" skipped="0">
  <testcase classname="com.BestBuy.Tests.SearchTest" name="searchAndAddToCart" time="55.101"/>
  <system-out/>
</testsuite> <!-- com.BestBuy.Tests.SearchTest -->
