<?xml version="1.0" encoding="UTF-8"?>
<!-- Generated by org.testng.reporters.JUnitReportReporter -->
<testsuite hostname="LAPTOP-R379FAK2" failures="0" tests="1" name="com.BestBuy.Tests.BrandAddCartTest" time="25.728" errors="0" timestamp="2023-04-20T09:56:32 IST" skipped="0">
  <testcase classname="com.BestBuy.Tests.BrandAddCartTest" name="brandCart" time="25.728"/>
  <system-out/>
</testsuite> <!-- com.BestBuy.Tests.BrandAddCartTest -->
