<?xml version="1.0" encoding="UTF-8"?>
<!-- Generated by org.testng.reporters.JUnitReportReporter -->
<testsuite hostname="LAPTOP-R379FAK2" failures="0" tests="1" name="com.BestBuy.Tests.SearchtestNew" time="113.648" errors="0" timestamp="2023-04-24T17:16:33 IST" skipped="0">
  <testcase classname="com.BestBuy.Tests.SearchtestNew" name="searchAndAddToCart" time="113.648"/>
  <system-out/>
</testsuite> <!-- com.BestBuy.Tests.SearchtestNew -->
