<?xml version="1.0" encoding="UTF-8"?>
<!-- Generated by org.testng.reporters.JUnitReportReporter -->
<testsuite hostname="LAPTOP-R379FAK2" failures="0" tests="1" name="com.BestBuy.Tests.PaymentTest" time="98.866" errors="0" timestamp="2023-04-21T00:50:32 IST" skipped="0">
  <testcase classname="com.BestBuy.Tests.PaymentTest" name="dummyPayment" time="98.866"/>
  <system-out/>
</testsuite> <!-- com.BestBuy.Tests.PaymentTest -->
