<?xml version="1.0" encoding="UTF-8"?>
<!-- Generated by org.testng.reporters.JUnitReportReporter -->
<testsuite hostname="LAPTOP-R379FAK2" failures="0" tests="1" name="com.BestBuy.Tests.PaymentValidationTest" time="324.250" errors="0" timestamp="2023-04-24T18:28:20 IST" skipped="0">
  <testcase classname="com.BestBuy.Tests.PaymentValidationTest" name="dummyPayment" time="324.250"/>
  <system-out/>
</testsuite> <!-- com.BestBuy.Tests.PaymentValidationTest -->
