<?xml version="1.0" encoding="UTF-8"?>
<!-- Generated by org.testng.reporters.JUnitReportReporter -->
<testsuite hostname="LAPTOP-R379FAK2" failures="0" tests="1" name="com.BestBuy.Tests.EcomSignupTest" time="61.653" errors="0" timestamp="2023-04-19T11:27:24 IST" skipped="0">
  <testcase classname="com.BestBuy.Tests.EcomSignupTest" name="signUp" time="61.653"/>
  <system-out/>
</testsuite> <!-- com.BestBuy.Tests.EcomSignupTest -->
