<?xml version="1.0" encoding="UTF-8"?>
<!-- Generated by org.testng.reporters.JUnitReportReporter -->
<testsuite hostname="LAPTOP-R379FAK2" failures="0" tests="1" name="project.BottomLink" time="52.758" errors="0" timestamp="2023-04-20T09:38:51 IST" skipped="0">
  <testcase classname="project.BottomLink" name="findBottomLink" time="52.758"/>
  <system-out/>
</testsuite> <!-- project.BottomLink -->
