<?xml version="1.0" encoding="UTF-8"?>
<!-- Generated by org.testng.reporters.JUnitReportReporter -->
<testsuite hostname="LAPTOP-R379FAK2" failures="0" tests="1" name="com.BestBuy.Tests.launh_BrokenLink" time="56.684" errors="0" timestamp="2023-04-19T17:11:05 IST" skipped="0">
  <testcase classname="com.BestBuy.Tests.launh_BrokenLink" name="link" time="56.684"/>
  <system-out/>
</testsuite> <!-- com.BestBuy.Tests.launh_BrokenLink -->
