<?xml version="1.0" encoding="UTF-8"?>
<!-- Generated by org.testng.reporters.JUnitReportReporter -->
<testsuite hostname="LAPTOP-R379FAK2" failures="0" tests="1" name="com.BestBuy.Tests.EcomLoginTest" time="30.771" errors="0" timestamp="2023-04-19T15:59:37 IST" skipped="0">
  <testcase classname="com.BestBuy.Tests.EcomLoginTest" name="signIn" time="30.771"/>
  <system-out/>
</testsuite> <!-- com.BestBuy.Tests.EcomLoginTest -->
